22:34:29.927 DEBUG 获取到配置信息: 
22:34:29.927 DEBUG {"basePath":"./","watcher":{"enable":true,"ignored":"./dist/*","depth":99},"outPut":{"merge":true,"minifyCss":false,"minifyJs":false,"addVersion":false},"serverPort":8000,"server":true,"autoReload":true,"remoteDebug":true,"root":"/src","entry":"home","title":"页面","outFolder":"./dist","resourceFolder":"./src/resource","headList":[{"http-equiv":"content-type","content":"text/html; charset=UTF-8"},{"name":"viewport","content":"width=device-width, initial-scale=0, maximum-scale=1, user-scalable=yes,shrink-to-fit=no"}],"scriptList":[{"name":"swiper","src":"./src/resource/idangerous.swiper2.7.0.min.js"},{"name":"jquery1.11.0","src":"http://tools.people.com.cn/libs/jquery/1.11.1/jquery-1.11.1.min.js"},{"name":"roundabout","src":"./src/resource/roundabout.js"},{"name":"jquery.easing.1.3","src":"./src/resource/jquery.easing.1.3.js"},{"name":"path.js","src":"./src/main.js"}],"styleList":[{"name":"main","src":"./src/main.css","resource":true},{"name":"swiper","src":"./src/resource/idangerous.swiper2.7.0.css","resource":true}],"pageList":[{"main":true,"isPage":true,"name":"home","src":"./src/page/home.page","temple":"<temple name=\"home\" src=\"./src/page/home.page\" isPage=\"true\"></temple>","outerHTML":"<!DOCTYPE html>\r\n<html lang=\"zh-CN\">\r\n  <head>\r\n    <title>页面</title>\r\n    <!-- 页面的元信息 -->\r\n    <meta http-equiv=\"content-type\" content=\"text/html; charset=UTF-8\"/>\r\n    <meta name=\"viewport\" content=\"width=device-width, initial-scale=0, maximum-scale=1, user-scalable=yes,shrink-to-fit=no\"/>\r\n    <!-- css-output -->\r\n    <!-- animation-output -->\r\n  </head>\r\n  <body>\r\n    <!-- 页面区域 -->\r\n    <temple name=\"home\" src=\"./src/page/home.page\" isPage=\"true\"></temple>\r\n    <!-- script-output -->\r\n  </body>\r\n</html>"}],"dev":{"basePath":"./","watcher":{"enable":true,"ignored":"./dist/*","depth":99},"outPut":{"merge":true,"minifyCss":false,"minifyJs":false,"addVersion":false},"serverPort":8000,"server":true,"autoReload":true,"remoteDebug":true},"build":{"basePath":"./","outPut":{"minifyCss":true,"minifyJs":true,"addVersion":true,"embedSize":10,"merge":false}}} 
22:34:29.927 INFO  --------------------------- 开始编译 --------------------------- 
22:34:29.927 INFO  程序运行目录: D:\work\yjx 
22:34:29.927 INFO  首次启动! 
22:34:29.927 INFO  生成版本号: 75ihwxya27b 
22:34:29.946 INFO  清理资源文件夹: D:\work\yjx\dist\static 
22:34:29.946 INFO  文件夹不存在: D:\work\yjx\dist\static 
22:34:29.946 INFO  创建文件夹: D:\work\yjx\dist\static 
22:34:29.947 INFO  读取模板文件: C:\Users\PG\Documents\GitHub\PG\lib\index.html 
22:34:29.947 DEBUG 读取网页标题: 页面 
22:34:29.947 DEBUG 处理页面源信息: [{"http-equiv":"content-type","content":"text/html; charset=UTF-8"},{"name":"viewport","content":"width=device-width, initial-scale=0, maximum-scale=1, user-scalable=yes,shrink-to-fit=no"}] 
22:34:29.948 DEBUG 处理模板: ./src/page/home.page 
22:34:29.968 DEBUG 处理模板: ./src/module/path.owo 
22:34:29.969 ERROR 模块: newsList 不包含script 
22:34:30.009 DEBUG 处理模板: ./src/module/editorNote.owo 
22:34:30.009 ERROR 模块: editorNote 不包含script 
22:34:30.253 DEBUG 缓存模板: ./src/module/editorNote.owo 
22:34:30.253 DEBUG 模板editorNote处理用时: 245 毫秒! 
22:34:30.271 DEBUG 发现 comment 规则: undefined 
22:34:30.271 DEBUG 发现 comment 规则: undefined 
22:34:30.271 DEBUG 发现 comment 规则: undefined 
22:34:30.271 DEBUG 发现 comment 规则: undefined 
22:34:30.271 DEBUG 发现 comment 规则: undefined 
22:34:30.271 DEBUG 发现 comment 规则: undefined 
22:34:30.271 DEBUG 发现 comment 规则: undefined 
22:34:30.271 DEBUG 发现 comment 规则: undefined 
22:34:30.271 DEBUG 发现 keyframes 规则: pulse 
22:34:30.271 DEBUG 发现 keyframes 规则: pulse 
22:34:30.271 DEBUG 发现 keyframes 规则: logo 
22:34:30.271 DEBUG 发现 keyframes 规则: logo 
22:34:30.271 DEBUG 发现 keyframes 规则: fadeIn 
22:34:30.271 DEBUG 发现 keyframes 规则: fadeIn 
22:34:30.271 DEBUG 发现 comment 规则: undefined 
22:34:30.274 DEBUG 缓存模板: ./src/module/path.owo 
22:34:30.274 DEBUG 模板newsList处理用时: 306 毫秒! 
22:34:30.294 DEBUG 处理模板: https://owo.ink/public/05a67f8232f2fdf172fe501704339b98.page 
22:34:30.294 DEBUG 使用文件缓存:D:\work\yjx\owo_modules\4dc0e49d73ca94aa4500f099170b2b2c.owo 
22:34:30.295 ERROR 模块: t7tueUOSnJGcyGcc 不包含script 
22:34:30.301 DEBUG 缓存模板: https://owo.ink/public/05a67f8232f2fdf172fe501704339b98.page 
22:34:30.301 DEBUG 模板t7tueUOSnJGcyGcc处理用时: 7 毫秒! 
22:34:30.302 DEBUG 处理模板: https://owo.ink/public/1bdad6c9364ab389a7a4c47c0815d1f4.page 
22:34:30.302 DEBUG 使用文件缓存:D:\work\yjx\owo_modules\d99a320c85eaeded1bf284c5e33dbfc0.owo 
22:34:30.309 DEBUG 缓存模板: https://owo.ink/public/1bdad6c9364ab389a7a4c47c0815d1f4.page 
22:34:30.309 DEBUG 模板SVZSnmecHrAhzur1处理用时: 7 毫秒! 
22:34:30.311 DEBUG 处理模板: https://owo.ink/public/13067c6679e5d6e65fe157947309bec1.page 
22:34:30.311 DEBUG 使用文件缓存:D:\work\yjx\owo_modules\57062f3c081803d88410389f5694ef01.owo 
22:34:30.320 DEBUG 缓存模板: https://owo.ink/public/13067c6679e5d6e65fe157947309bec1.page 
22:34:30.320 DEBUG 模板newsList处理用时: 9 毫秒! 
22:34:30.321 DEBUG 处理模板: ./src/module/imageBar.owo 
22:34:30.322 ERROR 模块: imageBar 不包含script 
22:34:30.326 DEBUG 缓存模板: ./src/module/imageBar.owo 
22:34:30.326 DEBUG 模板imageBar处理用时: 5 毫秒! 
22:34:30.327 DEBUG 处理模板: https://owo.ink/public/4b9c6a969cd51fd593af8a7bbbce7ff6.page 
22:34:30.327 DEBUG 使用文件缓存:D:\work\yjx\owo_modules\7c83bcef2cc8468d461cb4ab747667f2.owo 
22:34:30.335 DEBUG 发现 comment 规则: undefined 
22:34:30.335 DEBUG 缓存模板: https://owo.ink/public/4b9c6a969cd51fd593af8a7bbbce7ff6.page 
22:34:30.335 DEBUG 模板swiper处理用时: 8 毫秒! 
22:34:30.336 DEBUG 处理模板: ./src/module/infoCopyright.owo 
22:34:30.337 ERROR 模块: infoCopyright 不包含script 
22:34:30.341 DEBUG 缓存模板: ./src/module/infoCopyright.owo 
22:34:30.341 DEBUG 模板infoCopyright处理用时: 5 毫秒! 
22:34:30.342 DEBUG 处理模板: ./src/module/ranking.owo 
22:34:30.363 DEBUG 缓存模板: ./src/module/ranking.owo 
22:34:30.363 DEBUG 模板ranking处理用时: 21 毫秒! 
22:34:30.382 DEBUG 发现 keyframes 规则: editor 
22:34:30.382 DEBUG 缓存模板: ./src/page/home.page 
22:34:30.382 DEBUG 模板home处理用时: 434 毫秒! 
22:34:30.383 INFO  文件夹不存在: D:\work\yjx\dist\static\resource 
22:34:30.383 INFO  创建文件夹: D:\work\yjx\dist\static\resource 
22:34:30.384 DEBUG 处理资源: D:\work\yjx\src\resource\editorNote.png,D:\work\yjx\src\resource\bg.jpg,D:\work\yjx\src\resource\bottom-img.png,D:\work\yjx\src\resource\title.png,D:\work\yjx\src\resource\top-bar.png,D:\work\yjx\src\resource\fabulous.png,D:\work\yjx\src\resource\noSupport.png 
22:34:30.385 INFO  css中的资源处理完毕! 
22:34:30.385 DEBUG 使用postcss处理样式，使用了2个插件! 
22:34:30.409 INFO  正在处理script! 
22:34:30.410 INFO  工程中只有一个页面! 
22:34:30.410 DEBUG 页面中不包含切换动画! 
22:34:32.902 INFO  文件夹不存在: D:\work\yjx\dist\static\js 
22:34:32.903 INFO  创建文件夹: D:\work\yjx\dist\static\js 
22:34:32.903 DEBUG 选择将js合并到html中! 
22:34:32.921 INFO  js中的资源处理完毕! 
22:34:32.923 INFO  读取文件: C:\Users\PG\Documents\GitHub\PG\core\debug\autoReload.js 
22:34:32.923 INFO  读取文件: C:\Users\PG\Documents\GitHub\PG\core\debug\log.js 
22:34:32.923 DEBUG 处理引用脚本: [{"name":"swiper","src":"./src/resource/idangerous.swiper2.7.0.min.js"},{"name":"jquery1.11.0","src":"http://tools.people.com.cn/libs/jquery/1.11.1/jquery-1.11.1.min.js"},{"name":"roundabout","src":"./src/resource/roundabout.js"},{"name":"jquery.easing.1.3","src":"./src/resource/jquery.easing.1.3.js"},{"name":"path.js","src":"./src/main.js"}] 
22:34:32.923 DEBUG 外部脚本数量: 5 
22:34:32.923 DEBUG 处理脚本: swiper 
22:34:32.923 DEBUG 不使用bable处理脚本! 
22:34:32.923 INFO  读取文件: D:\work\yjx\src\resource\idangerous.swiper2.7.0.min.js 
22:34:32.923 DEBUG 处理脚本: jquery1.11.0 
22:34:32.923 DEBUG 网络脚本: jquery1.11.0 
22:34:32.923 DEBUG 处理脚本: roundabout 
22:34:32.923 DEBUG 不使用bable处理脚本! 
22:34:32.923 INFO  读取文件: D:\work\yjx\src\resource\roundabout.js 
22:34:32.923 DEBUG 处理脚本: jquery.easing.1.3 
22:34:32.923 DEBUG 不使用bable处理脚本! 
22:34:32.923 INFO  读取文件: D:\work\yjx\src\resource\jquery.easing.1.3.js 
22:34:32.923 DEBUG 处理脚本: path.js 
22:34:32.923 DEBUG 不使用bable处理脚本! 
22:34:32.923 INFO  读取文件: D:\work\yjx\src\main.js 
22:34:32.923 DEBUG 输出scriptData 
22:34:32.923 DEBUG 判断是否可以输出Html! 
22:34:32.924 DEBUG 还有没有经过处理的资源! 
22:34:32.924 INFO  监控文件夹变化: D:\work\yjx\src 
22:34:32.935 INFO  服务器运行在: 127.0.0.1:8000 
22:34:33.173 INFO  使用postcss处理完毕! 用时: 2788 毫秒 
22:34:33.173 DEBUG 需要经过特殊处理的css: [[".o-editorNote .editor-note ",".o-editorNote "],[".o-newsList .mainwrap ",".o-newsList "],[".o-newsList .ww ",".o-newsList "],[".o-newsList .nsl ",".o-newsList "],[".o-t7tueUOSnJGcyGcc .p1_con_a ",".o-t7tueUOSnJGcyGcc "],[".o-t7tueUOSnJGcyGcc .clearfix ",".o-t7tueUOSnJGcyGcc "],[".o-t7tueUOSnJGcyGcc .w1000 ",".o-t7tueUOSnJGcyGcc "],[".o-SVZSnmecHrAhzur1 .banner-box ",".o-SVZSnmecHrAhzur1 "],[".o-newsList .news-list ",".o-newsList "],[".o-imageBar .image-bar ",".o-imageBar "],[".o-swiper .swiper-zBLJxURsOhhagFAH ",".o-swiper "],[".o-infoCopyright .copyright-info-box ",".o-infoCopyright "],[".o-ranking .ranking-list ",".o-ranking "],[".o-home .home ",".o-home "]] 
22:34:33.174 INFO  文件夹不存在: D:\work\yjx\dist\static\css 
22:34:33.174 INFO  创建文件夹: D:\work\yjx\dist\static\css 
22:34:33.174 INFO  开始处理附属css中的资源 
22:34:33.174 INFO  附属css中的资源处理完毕! 
22:34:33.174 INFO  开始处理附属css中的资源 
22:34:33.174 INFO  附属css中的资源处理完毕! 
22:34:33.174 DEBUG 判断是否可以输出Html! 
22:34:33.174 DEBUG 准备输出html! 
22:34:33.175 DEBUG 开始美化html 
22:34:33.248 INFO  发送重新页面需要刷新命令! 
22:34:33.327 INFO  读取成功: D:\work\yjx\src\main.js 
22:34:33.327 INFO  读取成功: D:\work\yjx\src\resource\idangerous.swiper2.7.0.css 
22:34:33.327 INFO  读取成功: C:\Users\PG\Documents\GitHub\PG\core\debug\autoReload.js 
22:34:33.328 INFO  读取成功: D:\work\yjx\src\main.css 
22:34:33.328 ERROR 找不到资源文件: D:\work\yjx\src\resource\bg-spot.png 
22:34:33.328 INFO  读取成功: D:\work\yjx\src\resource\roundabout.js 
22:34:33.328 INFO  读取成功: D:\work\yjx\src\resource\jquery.easing.1.3.js 
22:34:33.373 INFO  写入文件: D:\work\yjx\dist\static\js\path.js.js 
22:34:33.373 INFO  写入文件: D:\work\yjx\dist\static\js\autoReload.js 
22:34:33.373 INFO  读取成功: C:\Users\PG\Documents\GitHub\PG\core\debug\log.js 
22:34:33.373 INFO  写入文件: D:\work\yjx\dist\static\css\swiper.css 
22:34:33.373 INFO  写入文件: D:\work\yjx\dist\static\css\main.css 
22:34:33.373 INFO  写入文件: D:\work\yjx\dist\static\js\jquery.easing.1.3.js 
22:34:33.373 INFO  写入文件: D:\work\yjx\dist\static\js\roundabout.js 
22:34:33.373 INFO  读取成功: D:\work\yjx\src\resource\idangerous.swiper2.7.0.min.js 
22:34:33.378 INFO  写入文件: D:\work\yjx\dist\static\js\swiper.js 
22:34:33.378 INFO  写入文件: D:\work\yjx\dist\static\js\log.js 
22:34:33.634 DEBUG 文件处理成功: 
22:34:33.634 DEBUG D:\work\yjx\dist\static\resource\editorNote.png 
22:34:33.634 DEBUG D:\work\yjx\dist\static\resource\bg.jpg 
22:34:33.634 DEBUG D:\work\yjx\dist\static\resource\bottom-img.png 
22:34:33.634 DEBUG D:\work\yjx\dist\static\resource\title.png 
22:34:33.634 DEBUG D:\work\yjx\dist\static\resource\top-bar.png 
22:34:33.634 DEBUG D:\work\yjx\dist\static\resource\fabulous.png 
22:34:33.634 DEBUG D:\work\yjx\dist\static\resource\noSupport.png 
22:46:23.912 INFO  file change: D:\work\yjx\src\module\path.owo 
22:46:23.912 INFO  --------------------------- 开始编译 --------------------------- 
22:46:23.912 INFO  程序运行目录: D:\work\yjx 
22:46:23.912 INFO  刷新模式,变化目录: D:\work\yjx\src\module\path.owo 
22:46:23.913 INFO  读取模板文件: C:\Users\PG\Documents\GitHub\PG\lib\index.html 
22:46:23.913 DEBUG 读取网页标题: 页面 
22:46:23.913 DEBUG 处理页面源信息: [{"http-equiv":"content-type","content":"text/html; charset=UTF-8"},{"name":"viewport","content":"width=device-width, initial-scale=0, maximum-scale=1, user-scalable=yes,shrink-to-fit=no"}] 
22:46:23.913 DEBUG 处理模板: ./src/page/home.page 
22:46:23.918 DEBUG 处理模板: ./src/module/path.owo 
22:46:23.919 ERROR 模块: newsList 不包含script 
22:46:23.954 DEBUG 处理模板: ./src/module/editorNote.owo 
22:46:23.955 ERROR 模块: editorNote 不包含script 
22:46:23.958 DEBUG 缓存模板: ./src/module/editorNote.owo 
22:46:23.958 DEBUG 模板editorNote处理用时: 4 毫秒! 
22:46:23.971 DEBUG 发现 comment 规则: undefined 
22:46:23.971 DEBUG 发现 comment 规则: undefined 
22:46:23.971 DEBUG 发现 comment 规则: undefined 
22:46:23.971 DEBUG 发现 comment 规则: undefined 
22:46:23.971 DEBUG 发现 comment 规则: undefined 
22:46:23.971 DEBUG 发现 comment 规则: undefined 
22:46:23.971 DEBUG 发现 comment 规则: undefined 
22:46:23.971 DEBUG 发现 comment 规则: undefined 
22:46:23.971 DEBUG 发现 keyframes 规则: pulse 
22:46:23.971 DEBUG 发现 keyframes 规则: pulse 
22:46:23.971 DEBUG 发现 keyframes 规则: logo 
22:46:23.971 DEBUG 发现 keyframes 规则: logo 
22:46:23.971 DEBUG 发现 keyframes 规则: fadeIn 
22:46:23.971 DEBUG 发现 keyframes 规则: fadeIn 
22:46:23.971 DEBUG 发现 comment 规则: undefined 
22:46:23.972 DEBUG 缓存模板: ./src/module/path.owo 
22:46:23.972 DEBUG 模板newsList处理用时: 54 毫秒! 
22:46:23.990 DEBUG 处理模板: https://owo.ink/public/05a67f8232f2fdf172fe501704339b98.page 
22:46:23.990 DEBUG 使用文件缓存:D:\work\yjx\owo_modules\4dc0e49d73ca94aa4500f099170b2b2c.owo 
22:46:23.990 ERROR 模块: t7tueUOSnJGcyGcc 不包含script 
22:46:23.997 DEBUG 缓存模板: https://owo.ink/public/05a67f8232f2fdf172fe501704339b98.page 
22:46:23.997 DEBUG 模板t7tueUOSnJGcyGcc处理用时: 7 毫秒! 
22:46:23.999 DEBUG 处理模板: https://owo.ink/public/1bdad6c9364ab389a7a4c47c0815d1f4.page 
22:46:23.999 DEBUG 使用文件缓存:D:\work\yjx\owo_modules\d99a320c85eaeded1bf284c5e33dbfc0.owo 
22:46:24.008 DEBUG 缓存模板: https://owo.ink/public/1bdad6c9364ab389a7a4c47c0815d1f4.page 
22:46:24.008 DEBUG 模板SVZSnmecHrAhzur1处理用时: 9 毫秒! 
22:46:24.010 DEBUG 处理模板: https://owo.ink/public/13067c6679e5d6e65fe157947309bec1.page 
22:46:24.010 DEBUG 使用文件缓存:D:\work\yjx\owo_modules\57062f3c081803d88410389f5694ef01.owo 
22:46:24.017 DEBUG 缓存模板: https://owo.ink/public/13067c6679e5d6e65fe157947309bec1.page 
22:46:24.017 DEBUG 模板newsList处理用时: 7 毫秒! 
22:46:24.018 DEBUG 处理模板: ./src/module/imageBar.owo 
22:46:24.018 ERROR 模块: imageBar 不包含script 
22:46:24.021 DEBUG 缓存模板: ./src/module/imageBar.owo 
22:46:24.021 DEBUG 模板imageBar处理用时: 3 毫秒! 
22:46:24.022 DEBUG 处理模板: https://owo.ink/public/4b9c6a969cd51fd593af8a7bbbce7ff6.page 
22:46:24.022 DEBUG 使用文件缓存:D:\work\yjx\owo_modules\7c83bcef2cc8468d461cb4ab747667f2.owo 
22:46:24.029 DEBUG 发现 comment 规则: undefined 
22:46:24.029 DEBUG 缓存模板: https://owo.ink/public/4b9c6a969cd51fd593af8a7bbbce7ff6.page 
22:46:24.029 DEBUG 模板swiper处理用时: 7 毫秒! 
22:46:24.030 DEBUG 处理模板: ./src/module/infoCopyright.owo 
22:46:24.030 ERROR 模块: infoCopyright 不包含script 
22:46:24.034 DEBUG 缓存模板: ./src/module/infoCopyright.owo 
22:46:24.034 DEBUG 模板infoCopyright处理用时: 4 毫秒! 
22:46:24.035 DEBUG 处理模板: ./src/module/ranking.owo 
22:46:24.058 DEBUG 缓存模板: ./src/module/ranking.owo 
22:46:24.058 DEBUG 模板ranking处理用时: 23 毫秒! 
22:46:24.072 DEBUG 发现 keyframes 规则: editor 
22:46:24.072 DEBUG 缓存模板: ./src/page/home.page 
22:46:24.072 DEBUG 模板home处理用时: 159 毫秒! 
22:46:24.073 DEBUG 忽略文件: D:\work\yjx\src\resource\editorNote.png 
22:46:24.073 DEBUG 忽略文件: D:\work\yjx\src\resource\bg.jpg 
22:46:24.073 DEBUG 忽略文件: D:\work\yjx\src\resource\bottom-img.png 
22:46:24.073 DEBUG 忽略文件: D:\work\yjx\src\resource\title.png 
22:46:24.074 DEBUG 忽略文件: D:\work\yjx\src\resource\top-bar.png 
22:46:24.074 DEBUG 忽略文件: D:\work\yjx\src\resource\fabulous.png 
22:46:24.074 DEBUG 忽略文件: D:\work\yjx\src\resource\noSupport.png 
22:46:24.074 INFO  css中的资源处理完毕! 
22:46:24.074 DEBUG 使用postcss处理样式，使用了2个插件! 
22:46:24.089 INFO  正在处理script! 
22:46:24.090 INFO  工程中只有一个页面! 
22:46:24.091 DEBUG 页面中不包含切换动画! 
22:46:24.188 DEBUG 选择将js合并到html中! 
22:46:24.206 INFO  js中的资源处理完毕! 
22:46:24.207 DEBUG 处理引用脚本: [{"name":"swiper","src":"./src/resource/idangerous.swiper2.7.0.min.js"},{"name":"jquery1.11.0","src":"http://tools.people.com.cn/libs/jquery/1.11.1/jquery-1.11.1.min.js"},{"name":"roundabout","src":"./src/resource/roundabout.js"},{"name":"jquery.easing.1.3","src":"./src/resource/jquery.easing.1.3.js"},{"name":"path.js","src":"./src/main.js"}] 
22:46:24.207 DEBUG 外部脚本数量: 5 
22:46:24.207 DEBUG 处理脚本: swiper 
22:46:24.207 DEBUG 不使用bable处理脚本! 
22:46:24.207 DEBUG 处理脚本: jquery1.11.0 
22:46:24.207 DEBUG 网络脚本: jquery1.11.0 
22:46:24.207 DEBUG 处理脚本: roundabout 
22:46:24.207 DEBUG 不使用bable处理脚本! 
22:46:24.207 DEBUG 处理脚本: jquery.easing.1.3 
22:46:24.207 DEBUG 不使用bable处理脚本! 
22:46:24.207 DEBUG 处理脚本: path.js 
22:46:24.207 DEBUG 不使用bable处理脚本! 
22:46:24.207 DEBUG 输出scriptData 
22:46:24.207 DEBUG 判断是否可以输出Html! 
22:46:24.207 DEBUG 还有没有经过处理的资源! 
22:46:24.448 INFO  使用postcss处理完毕! 用时: 374 毫秒 
22:46:24.448 DEBUG 需要经过特殊处理的css: [[".o-editorNote .editor-note ",".o-editorNote "],[".o-newsList .mainwrap ",".o-newsList "],[".o-newsList .ww ",".o-newsList "],[".o-newsList .nsl ",".o-newsList "],[".o-t7tueUOSnJGcyGcc .p1_con_a ",".o-t7tueUOSnJGcyGcc "],[".o-t7tueUOSnJGcyGcc .clearfix ",".o-t7tueUOSnJGcyGcc "],[".o-t7tueUOSnJGcyGcc .w1000 ",".o-t7tueUOSnJGcyGcc "],[".o-SVZSnmecHrAhzur1 .banner-box ",".o-SVZSnmecHrAhzur1 "],[".o-newsList .news-list ",".o-newsList "],[".o-imageBar .image-bar ",".o-imageBar "],[".o-swiper .swiper-zBLJxURsOhhagFAH ",".o-swiper "],[".o-infoCopyright .copyright-info-box ",".o-infoCopyright "],[".o-ranking .ranking-list ",".o-ranking "],[".o-home .home ",".o-home "]] 
22:46:24.448 DEBUG 判断是否可以输出Html! 
22:46:24.449 DEBUG 准备输出html! 
22:46:24.449 DEBUG 开始美化html 
22:46:24.516 INFO  发送重新页面需要刷新命令! 
22:46:43.541 INFO  file change: D:\work\yjx\src\module\path.owo 
22:46:43.541 INFO  --------------------------- 开始编译 --------------------------- 
22:46:43.541 INFO  程序运行目录: D:\work\yjx 
22:46:43.541 INFO  刷新模式,变化目录: D:\work\yjx\src\module\path.owo 
22:46:43.541 INFO  读取模板文件: C:\Users\PG\Documents\GitHub\PG\lib\index.html 
22:46:43.542 DEBUG 读取网页标题: 页面 
22:46:43.542 DEBUG 处理页面源信息: [{"http-equiv":"content-type","content":"text/html; charset=UTF-8"},{"name":"viewport","content":"width=device-width, initial-scale=0, maximum-scale=1, user-scalable=yes,shrink-to-fit=no"}] 
22:46:43.542 DEBUG 处理模板: ./src/page/home.page 
22:46:43.546 DEBUG 处理模板: ./src/module/path.owo 
22:46:43.546 ERROR 模块: newsList 不包含script 
22:46:43.574 DEBUG 处理模板: ./src/module/editorNote.owo 
22:46:43.575 ERROR 模块: editorNote 不包含script 
22:46:43.578 DEBUG 缓存模板: ./src/module/editorNote.owo 
22:46:43.578 DEBUG 模板editorNote处理用时: 4 毫秒! 
22:46:43.589 DEBUG 发现 comment 规则: undefined 
22:46:43.589 DEBUG 发现 comment 规则: undefined 
22:46:43.589 DEBUG 发现 comment 规则: undefined 
22:46:43.589 DEBUG 发现 comment 规则: undefined 
22:46:43.589 DEBUG 发现 comment 规则: undefined 
22:46:43.589 DEBUG 发现 comment 规则: undefined 
22:46:43.589 DEBUG 发现 comment 规则: undefined 
22:46:43.589 DEBUG 发现 comment 规则: undefined 
22:46:43.590 DEBUG 发现 keyframes 规则: pulse 
22:46:43.590 DEBUG 发现 keyframes 规则: pulse 
22:46:43.590 DEBUG 发现 keyframes 规则: logo 
22:46:43.590 DEBUG 发现 keyframes 规则: logo 
22:46:43.590 DEBUG 发现 keyframes 规则: fadeIn 
22:46:43.590 DEBUG 发现 keyframes 规则: fadeIn 
22:46:43.590 DEBUG 发现 comment 规则: undefined 
22:46:43.592 DEBUG 缓存模板: ./src/module/path.owo 
22:46:43.592 DEBUG 模板newsList处理用时: 46 毫秒! 
22:46:43.607 DEBUG 处理模板: https://owo.ink/public/05a67f8232f2fdf172fe501704339b98.page 
22:46:43.607 DEBUG 使用文件缓存:D:\work\yjx\owo_modules\4dc0e49d73ca94aa4500f099170b2b2c.owo 
22:46:43.607 ERROR 模块: t7tueUOSnJGcyGcc 不包含script 
22:46:43.611 DEBUG 缓存模板: https://owo.ink/public/05a67f8232f2fdf172fe501704339b98.page 
22:46:43.611 DEBUG 模板t7tueUOSnJGcyGcc处理用时: 4 毫秒! 
22:46:43.612 DEBUG 处理模板: https://owo.ink/public/1bdad6c9364ab389a7a4c47c0815d1f4.page 
22:46:43.612 DEBUG 使用文件缓存:D:\work\yjx\owo_modules\d99a320c85eaeded1bf284c5e33dbfc0.owo 
22:46:43.620 DEBUG 缓存模板: https://owo.ink/public/1bdad6c9364ab389a7a4c47c0815d1f4.page 
22:46:43.621 DEBUG 模板SVZSnmecHrAhzur1处理用时: 9 毫秒! 
22:46:43.622 DEBUG 处理模板: https://owo.ink/public/13067c6679e5d6e65fe157947309bec1.page 
22:46:43.622 DEBUG 使用文件缓存:D:\work\yjx\owo_modules\57062f3c081803d88410389f5694ef01.owo 
22:46:43.628 DEBUG 缓存模板: https://owo.ink/public/13067c6679e5d6e65fe157947309bec1.page 
22:46:43.628 DEBUG 模板newsList处理用时: 6 毫秒! 
22:46:43.632 DEBUG 处理模板: ./src/module/imageBar.owo 
22:46:43.632 ERROR 模块: imageBar 不包含script 
22:46:43.637 DEBUG 缓存模板: ./src/module/imageBar.owo 
22:46:43.637 DEBUG 模板imageBar处理用时: 5 毫秒! 
22:46:43.637 DEBUG 处理模板: https://owo.ink/public/4b9c6a969cd51fd593af8a7bbbce7ff6.page 
22:46:43.637 DEBUG 使用文件缓存:D:\work\yjx\owo_modules\7c83bcef2cc8468d461cb4ab747667f2.owo 
22:46:43.643 DEBUG 发现 comment 规则: undefined 
22:46:43.643 DEBUG 缓存模板: https://owo.ink/public/4b9c6a969cd51fd593af8a7bbbce7ff6.page 
22:46:43.643 DEBUG 模板swiper处理用时: 6 毫秒! 
22:46:43.644 DEBUG 处理模板: ./src/module/infoCopyright.owo 
22:46:43.645 ERROR 模块: infoCopyright 不包含script 
22:46:43.648 DEBUG 缓存模板: ./src/module/infoCopyright.owo 
22:46:43.648 DEBUG 模板infoCopyright处理用时: 4 毫秒! 
22:46:43.648 DEBUG 处理模板: ./src/module/ranking.owo 
22:46:43.667 DEBUG 缓存模板: ./src/module/ranking.owo 
22:46:43.667 DEBUG 模板ranking处理用时: 19 毫秒! 
22:46:43.676 DEBUG 发现 keyframes 规则: editor 
22:46:43.676 DEBUG 缓存模板: ./src/page/home.page 
22:46:43.676 DEBUG 模板home处理用时: 134 毫秒! 
22:46:43.676 DEBUG 忽略文件: D:\work\yjx\src\resource\editorNote.png 
22:46:43.676 DEBUG 忽略文件: D:\work\yjx\src\resource\bg.jpg 
22:46:43.676 DEBUG 忽略文件: D:\work\yjx\src\resource\bottom-img.png 
22:46:43.676 DEBUG 忽略文件: D:\work\yjx\src\resource\title.png 
22:46:43.676 DEBUG 忽略文件: D:\work\yjx\src\resource\top-bar.png 
22:46:43.676 DEBUG 忽略文件: D:\work\yjx\src\resource\fabulous.png 
22:46:43.676 DEBUG 忽略文件: D:\work\yjx\src\resource\noSupport.png 
22:46:43.676 INFO  css中的资源处理完毕! 
22:46:43.676 DEBUG 使用postcss处理样式，使用了2个插件! 
22:46:43.699 INFO  正在处理script! 
22:46:43.700 INFO  工程中只有一个页面! 
22:46:43.700 DEBUG 页面中不包含切换动画! 
22:46:43.785 DEBUG 选择将js合并到html中! 
22:46:43.798 INFO  js中的资源处理完毕! 
22:46:43.799 DEBUG 处理引用脚本: [{"name":"swiper","src":"./src/resource/idangerous.swiper2.7.0.min.js"},{"name":"jquery1.11.0","src":"http://tools.people.com.cn/libs/jquery/1.11.1/jquery-1.11.1.min.js"},{"name":"roundabout","src":"./src/resource/roundabout.js"},{"name":"jquery.easing.1.3","src":"./src/resource/jquery.easing.1.3.js"},{"name":"path.js","src":"./src/main.js"}] 
22:46:43.799 DEBUG 外部脚本数量: 5 
22:46:43.799 DEBUG 处理脚本: swiper 
22:46:43.799 DEBUG 不使用bable处理脚本! 
22:46:43.799 DEBUG 处理脚本: jquery1.11.0 
22:46:43.799 DEBUG 网络脚本: jquery1.11.0 
22:46:43.799 DEBUG 处理脚本: roundabout 
22:46:43.799 DEBUG 不使用bable处理脚本! 
22:46:43.799 DEBUG 处理脚本: jquery.easing.1.3 
22:46:43.799 DEBUG 不使用bable处理脚本! 
22:46:43.799 DEBUG 处理脚本: path.js 
22:46:43.799 DEBUG 不使用bable处理脚本! 
22:46:43.799 DEBUG 输出scriptData 
22:46:43.799 DEBUG 判断是否可以输出Html! 
22:46:43.799 DEBUG 还有没有经过处理的资源! 
22:46:43.954 INFO  使用postcss处理完毕! 用时: 278 毫秒 
22:46:43.954 DEBUG 需要经过特殊处理的css: [[".o-editorNote .editor-note ",".o-editorNote "],[".o-newsList .mainwrap ",".o-newsList "],[".o-newsList .ww ",".o-newsList "],[".o-newsList .nsl ",".o-newsList "],[".o-t7tueUOSnJGcyGcc .p1_con_a ",".o-t7tueUOSnJGcyGcc "],[".o-t7tueUOSnJGcyGcc .clearfix ",".o-t7tueUOSnJGcyGcc "],[".o-t7tueUOSnJGcyGcc .w1000 ",".o-t7tueUOSnJGcyGcc "],[".o-SVZSnmecHrAhzur1 .banner-box ",".o-SVZSnmecHrAhzur1 "],[".o-newsList .news-list ",".o-newsList "],[".o-imageBar .image-bar ",".o-imageBar "],[".o-swiper .swiper-zBLJxURsOhhagFAH ",".o-swiper "],[".o-infoCopyright .copyright-info-box ",".o-infoCopyright "],[".o-ranking .ranking-list ",".o-ranking "],[".o-home .home ",".o-home "]] 
22:46:43.954 DEBUG 判断是否可以输出Html! 
22:46:43.954 DEBUG 准备输出html! 
22:46:43.954 DEBUG 开始美化html 
22:46:43.990 INFO  发送重新页面需要刷新命令! 
22:47:00.931 INFO  file change: D:\work\yjx\src\module\path.owo 
22:47:00.931 INFO  --------------------------- 开始编译 --------------------------- 
22:47:00.931 INFO  程序运行目录: D:\work\yjx 
22:47:00.931 INFO  刷新模式,变化目录: D:\work\yjx\src\module\path.owo 
22:47:00.931 INFO  读取模板文件: C:\Users\PG\Documents\GitHub\PG\lib\index.html 
22:47:00.932 DEBUG 读取网页标题: 页面 
22:47:00.932 DEBUG 处理页面源信息: [{"http-equiv":"content-type","content":"text/html; charset=UTF-8"},{"name":"viewport","content":"width=device-width, initial-scale=0, maximum-scale=1, user-scalable=yes,shrink-to-fit=no"}] 
22:47:00.932 DEBUG 处理模板: ./src/page/home.page 
22:47:00.938 DEBUG 处理模板: ./src/module/path.owo 
22:47:00.938 ERROR 模块: newsList 不包含script 
22:47:00.974 DEBUG 处理模板: ./src/module/editorNote.owo 
22:47:00.974 ERROR 模块: editorNote 不包含script 
22:47:00.977 DEBUG 缓存模板: ./src/module/editorNote.owo 
22:47:00.977 DEBUG 模板editorNote处理用时: 3 毫秒! 
22:47:00.987 DEBUG 发现 comment 规则: undefined 
22:47:00.987 DEBUG 发现 comment 规则: undefined 
22:47:00.987 DEBUG 发现 comment 规则: undefined 
22:47:00.988 DEBUG 发现 comment 规则: undefined 
22:47:00.988 DEBUG 发现 comment 规则: undefined 
22:47:00.988 DEBUG 发现 comment 规则: undefined 
22:47:00.988 DEBUG 发现 comment 规则: undefined 
22:47:00.988 DEBUG 发现 comment 规则: undefined 
22:47:00.988 DEBUG 发现 keyframes 规则: pulse 
22:47:00.988 DEBUG 发现 keyframes 规则: pulse 
22:47:00.988 DEBUG 发现 keyframes 规则: logo 
22:47:00.988 DEBUG 发现 keyframes 规则: logo 
22:47:00.988 DEBUG 发现 keyframes 规则: fadeIn 
22:47:00.988 DEBUG 发现 keyframes 规则: fadeIn 
22:47:00.988 DEBUG 发现 comment 规则: undefined 
22:47:00.989 DEBUG 缓存模板: ./src/module/path.owo 
22:47:00.989 DEBUG 模板newsList处理用时: 51 毫秒! 
22:47:01.006 DEBUG 处理模板: https://owo.ink/public/05a67f8232f2fdf172fe501704339b98.page 
22:47:01.006 DEBUG 使用文件缓存:D:\work\yjx\owo_modules\4dc0e49d73ca94aa4500f099170b2b2c.owo 
22:47:01.007 ERROR 模块: t7tueUOSnJGcyGcc 不包含script 
22:47:01.011 DEBUG 缓存模板: https://owo.ink/public/05a67f8232f2fdf172fe501704339b98.page 
22:47:01.011 DEBUG 模板t7tueUOSnJGcyGcc处理用时: 5 毫秒! 
22:47:01.014 DEBUG 处理模板: https://owo.ink/public/1bdad6c9364ab389a7a4c47c0815d1f4.page 
22:47:01.014 DEBUG 使用文件缓存:D:\work\yjx\owo_modules\d99a320c85eaeded1bf284c5e33dbfc0.owo 
22:47:01.021 DEBUG 缓存模板: https://owo.ink/public/1bdad6c9364ab389a7a4c47c0815d1f4.page 
22:47:01.021 DEBUG 模板SVZSnmecHrAhzur1处理用时: 7 毫秒! 
22:47:01.024 DEBUG 处理模板: https://owo.ink/public/13067c6679e5d6e65fe157947309bec1.page 
22:47:01.024 DEBUG 使用文件缓存:D:\work\yjx\owo_modules\57062f3c081803d88410389f5694ef01.owo 
22:47:01.030 DEBUG 缓存模板: https://owo.ink/public/13067c6679e5d6e65fe157947309bec1.page 
22:47:01.030 DEBUG 模板newsList处理用时: 6 毫秒! 
22:47:01.031 DEBUG 处理模板: ./src/module/imageBar.owo 
22:47:01.031 ERROR 模块: imageBar 不包含script 
22:47:01.034 DEBUG 缓存模板: ./src/module/imageBar.owo 
22:47:01.034 DEBUG 模板imageBar处理用时: 3 毫秒! 
22:47:01.034 DEBUG 处理模板: https://owo.ink/public/4b9c6a969cd51fd593af8a7bbbce7ff6.page 
22:47:01.035 DEBUG 使用文件缓存:D:\work\yjx\owo_modules\7c83bcef2cc8468d461cb4ab747667f2.owo 
22:47:01.041 DEBUG 发现 comment 规则: undefined 
22:47:01.041 DEBUG 缓存模板: https://owo.ink/public/4b9c6a969cd51fd593af8a7bbbce7ff6.page 
22:47:01.041 DEBUG 模板swiper处理用时: 7 毫秒! 
22:47:01.042 DEBUG 处理模板: ./src/module/infoCopyright.owo 
22:47:01.042 ERROR 模块: infoCopyright 不包含script 
22:47:01.046 DEBUG 缓存模板: ./src/module/infoCopyright.owo 
22:47:01.046 DEBUG 模板infoCopyright处理用时: 4 毫秒! 
22:47:01.046 DEBUG 处理模板: ./src/module/ranking.owo 
22:47:01.065 DEBUG 缓存模板: ./src/module/ranking.owo 
22:47:01.065 DEBUG 模板ranking处理用时: 19 毫秒! 
22:47:01.083 DEBUG 发现 keyframes 规则: editor 
22:47:01.083 DEBUG 缓存模板: ./src/page/home.page 
22:47:01.084 DEBUG 模板home处理用时: 152 毫秒! 
22:47:01.085 DEBUG 忽略文件: D:\work\yjx\src\resource\editorNote.png 
22:47:01.085 DEBUG 忽略文件: D:\work\yjx\src\resource\bg.jpg 
22:47:01.085 DEBUG 忽略文件: D:\work\yjx\src\resource\bottom-img.png 
22:47:01.085 DEBUG 忽略文件: D:\work\yjx\src\resource\title.png 
22:47:01.085 DEBUG 忽略文件: D:\work\yjx\src\resource\top-bar.png 
22:47:01.085 DEBUG 忽略文件: D:\work\yjx\src\resource\fabulous.png 
22:47:01.085 DEBUG 忽略文件: D:\work\yjx\src\resource\noSupport.png 
22:47:01.085 INFO  css中的资源处理完毕! 
22:47:01.085 DEBUG 使用postcss处理样式，使用了2个插件! 
22:47:01.101 INFO  正在处理script! 
22:47:01.101 INFO  工程中只有一个页面! 
22:47:01.102 DEBUG 页面中不包含切换动画! 
22:47:01.200 DEBUG 选择将js合并到html中! 
22:47:01.214 INFO  js中的资源处理完毕! 
22:47:01.215 DEBUG 处理引用脚本: [{"name":"swiper","src":"./src/resource/idangerous.swiper2.7.0.min.js"},{"name":"jquery1.11.0","src":"http://tools.people.com.cn/libs/jquery/1.11.1/jquery-1.11.1.min.js"},{"name":"roundabout","src":"./src/resource/roundabout.js"},{"name":"jquery.easing.1.3","src":"./src/resource/jquery.easing.1.3.js"},{"name":"path.js","src":"./src/main.js"}] 
22:47:01.215 DEBUG 外部脚本数量: 5 
22:47:01.215 DEBUG 处理脚本: swiper 
22:47:01.215 DEBUG 不使用bable处理脚本! 
22:47:01.215 DEBUG 处理脚本: jquery1.11.0 
22:47:01.215 DEBUG 网络脚本: jquery1.11.0 
22:47:01.215 DEBUG 处理脚本: roundabout 
22:47:01.215 DEBUG 不使用bable处理脚本! 
22:47:01.215 DEBUG 处理脚本: jquery.easing.1.3 
22:47:01.215 DEBUG 不使用bable处理脚本! 
22:47:01.215 DEBUG 处理脚本: path.js 
22:47:01.215 DEBUG 不使用bable处理脚本! 
22:47:01.215 DEBUG 输出scriptData 
22:47:01.215 DEBUG 判断是否可以输出Html! 
22:47:01.215 DEBUG 还有没有经过处理的资源! 
22:47:01.386 INFO  使用postcss处理完毕! 用时: 301 毫秒 
22:47:01.386 DEBUG 需要经过特殊处理的css: [[".o-editorNote .editor-note ",".o-editorNote "],[".o-newsList .mainwrap ",".o-newsList "],[".o-newsList .ww ",".o-newsList "],[".o-newsList .nsl ",".o-newsList "],[".o-t7tueUOSnJGcyGcc .p1_con_a ",".o-t7tueUOSnJGcyGcc "],[".o-t7tueUOSnJGcyGcc .clearfix ",".o-t7tueUOSnJGcyGcc "],[".o-t7tueUOSnJGcyGcc .w1000 ",".o-t7tueUOSnJGcyGcc "],[".o-SVZSnmecHrAhzur1 .banner-box ",".o-SVZSnmecHrAhzur1 "],[".o-newsList .news-list ",".o-newsList "],[".o-imageBar .image-bar ",".o-imageBar "],[".o-swiper .swiper-zBLJxURsOhhagFAH ",".o-swiper "],[".o-infoCopyright .copyright-info-box ",".o-infoCopyright "],[".o-ranking .ranking-list ",".o-ranking "],[".o-home .home ",".o-home "]] 
22:47:01.386 DEBUG 判断是否可以输出Html! 
22:47:01.386 DEBUG 准备输出html! 
22:47:01.386 DEBUG 开始美化html 
22:47:01.449 INFO  发送重新页面需要刷新命令! 
22:47:20.901 INFO  file change: D:\work\yjx\src\module\path.owo 
22:47:20.902 INFO  --------------------------- 开始编译 --------------------------- 
22:47:20.902 INFO  程序运行目录: D:\work\yjx 
22:47:20.902 INFO  刷新模式,变化目录: D:\work\yjx\src\module\path.owo 
22:47:20.902 INFO  读取模板文件: C:\Users\PG\Documents\GitHub\PG\lib\index.html 
22:47:20.902 DEBUG 读取网页标题: 页面 
22:47:20.902 DEBUG 处理页面源信息: [{"http-equiv":"content-type","content":"text/html; charset=UTF-8"},{"name":"viewport","content":"width=device-width, initial-scale=0, maximum-scale=1, user-scalable=yes,shrink-to-fit=no"}] 
22:47:20.902 DEBUG 处理模板: ./src/page/home.page 
22:47:20.907 DEBUG 处理模板: ./src/module/path.owo 
22:47:20.908 ERROR 模块: newsList 不包含script 
22:47:20.943 DEBUG 处理模板: ./src/module/editorNote.owo 
22:47:20.943 ERROR 模块: editorNote 不包含script 
22:47:20.946 DEBUG 缓存模板: ./src/module/editorNote.owo 
22:47:20.946 DEBUG 模板editorNote处理用时: 3 毫秒! 
22:47:20.957 DEBUG 发现 comment 规则: undefined 
22:47:20.957 DEBUG 发现 comment 规则: undefined 
22:47:20.957 DEBUG 发现 comment 规则: undefined 
22:47:20.957 DEBUG 发现 comment 规则: undefined 
22:47:20.957 DEBUG 发现 comment 规则: undefined 
22:47:20.957 DEBUG 发现 comment 规则: undefined 
22:47:20.957 DEBUG 发现 comment 规则: undefined 
22:47:20.957 DEBUG 发现 comment 规则: undefined 
22:47:20.957 DEBUG 发现 keyframes 规则: pulse 
22:47:20.957 DEBUG 发现 keyframes 规则: pulse 
22:47:20.957 DEBUG 发现 keyframes 规则: logo 
22:47:20.957 DEBUG 发现 keyframes 规则: logo 
22:47:20.957 DEBUG 发现 keyframes 规则: fadeIn 
22:47:20.957 DEBUG 发现 keyframes 规则: fadeIn 
22:47:20.957 DEBUG 发现 comment 规则: undefined 
22:47:20.958 DEBUG 缓存模板: ./src/module/path.owo 
22:47:20.958 DEBUG 模板newsList处理用时: 51 毫秒! 
22:47:20.978 DEBUG 处理模板: https://owo.ink/public/05a67f8232f2fdf172fe501704339b98.page 
22:47:20.978 DEBUG 使用文件缓存:D:\work\yjx\owo_modules\4dc0e49d73ca94aa4500f099170b2b2c.owo 
22:47:20.978 ERROR 模块: t7tueUOSnJGcyGcc 不包含script 
22:47:20.982 DEBUG 缓存模板: https://owo.ink/public/05a67f8232f2fdf172fe501704339b98.page 
22:47:20.982 DEBUG 模板t7tueUOSnJGcyGcc处理用时: 4 毫秒! 
22:47:20.985 DEBUG 处理模板: https://owo.ink/public/1bdad6c9364ab389a7a4c47c0815d1f4.page 
22:47:20.985 DEBUG 使用文件缓存:D:\work\yjx\owo_modules\d99a320c85eaeded1bf284c5e33dbfc0.owo 
22:47:20.992 DEBUG 缓存模板: https://owo.ink/public/1bdad6c9364ab389a7a4c47c0815d1f4.page 
22:47:20.992 DEBUG 模板SVZSnmecHrAhzur1处理用时: 7 毫秒! 
22:47:20.996 DEBUG 处理模板: https://owo.ink/public/13067c6679e5d6e65fe157947309bec1.page 
22:47:20.996 DEBUG 使用文件缓存:D:\work\yjx\owo_modules\57062f3c081803d88410389f5694ef01.owo 
22:47:21.004 DEBUG 缓存模板: https://owo.ink/public/13067c6679e5d6e65fe157947309bec1.page 
22:47:21.004 DEBUG 模板newsList处理用时: 8 毫秒! 
22:47:21.006 DEBUG 处理模板: ./src/module/imageBar.owo 
22:47:21.006 ERROR 模块: imageBar 不包含script 
22:47:21.009 DEBUG 缓存模板: ./src/module/imageBar.owo 
22:47:21.009 DEBUG 模板imageBar处理用时: 3 毫秒! 
22:47:21.010 DEBUG 处理模板: https://owo.ink/public/4b9c6a969cd51fd593af8a7bbbce7ff6.page 
22:47:21.010 DEBUG 使用文件缓存:D:\work\yjx\owo_modules\7c83bcef2cc8468d461cb4ab747667f2.owo 
22:47:21.015 DEBUG 发现 comment 规则: undefined 
22:47:21.015 DEBUG 缓存模板: https://owo.ink/public/4b9c6a969cd51fd593af8a7bbbce7ff6.page 
22:47:21.015 DEBUG 模板swiper处理用时: 5 毫秒! 
22:47:21.016 DEBUG 处理模板: ./src/module/infoCopyright.owo 
22:47:21.017 ERROR 模块: infoCopyright 不包含script 
22:47:21.021 DEBUG 缓存模板: ./src/module/infoCopyright.owo 
22:47:21.021 DEBUG 模板infoCopyright处理用时: 5 毫秒! 
22:47:21.021 DEBUG 处理模板: ./src/module/ranking.owo 
22:47:21.044 DEBUG 缓存模板: ./src/module/ranking.owo 
22:47:21.044 DEBUG 模板ranking处理用时: 23 毫秒! 
22:47:21.055 DEBUG 发现 keyframes 规则: editor 
22:47:21.056 DEBUG 缓存模板: ./src/page/home.page 
22:47:21.056 DEBUG 模板home处理用时: 154 毫秒! 
22:47:21.056 DEBUG 忽略文件: D:\work\yjx\src\resource\editorNote.png 
22:47:21.056 DEBUG 忽略文件: D:\work\yjx\src\resource\bg.jpg 
22:47:21.056 DEBUG 忽略文件: D:\work\yjx\src\resource\bottom-img.png 
22:47:21.057 DEBUG 忽略文件: D:\work\yjx\src\resource\title.png 
22:47:21.057 DEBUG 忽略文件: D:\work\yjx\src\resource\top-bar.png 
22:47:21.057 DEBUG 忽略文件: D:\work\yjx\src\resource\fabulous.png 
22:47:21.057 DEBUG 忽略文件: D:\work\yjx\src\resource\noSupport.png 
22:47:21.057 INFO  css中的资源处理完毕! 
22:47:21.057 DEBUG 使用postcss处理样式，使用了2个插件! 
22:47:21.072 INFO  正在处理script! 
22:47:21.072 INFO  工程中只有一个页面! 
22:47:21.073 DEBUG 页面中不包含切换动画! 
22:47:21.181 DEBUG 选择将js合并到html中! 
22:47:21.197 INFO  js中的资源处理完毕! 
22:47:21.198 DEBUG 处理引用脚本: [{"name":"swiper","src":"./src/resource/idangerous.swiper2.7.0.min.js"},{"name":"jquery1.11.0","src":"http://tools.people.com.cn/libs/jquery/1.11.1/jquery-1.11.1.min.js"},{"name":"roundabout","src":"./src/resource/roundabout.js"},{"name":"jquery.easing.1.3","src":"./src/resource/jquery.easing.1.3.js"},{"name":"path.js","src":"./src/main.js"}] 
22:47:21.198 DEBUG 外部脚本数量: 5 
22:47:21.198 DEBUG 处理脚本: swiper 
22:47:21.198 DEBUG 不使用bable处理脚本! 
22:47:21.198 DEBUG 处理脚本: jquery1.11.0 
22:47:21.198 DEBUG 网络脚本: jquery1.11.0 
22:47:21.198 DEBUG 处理脚本: roundabout 
22:47:21.198 DEBUG 不使用bable处理脚本! 
22:47:21.198 DEBUG 处理脚本: jquery.easing.1.3 
22:47:21.198 DEBUG 不使用bable处理脚本! 
22:47:21.198 DEBUG 处理脚本: path.js 
22:47:21.198 DEBUG 不使用bable处理脚本! 
22:47:21.198 DEBUG 输出scriptData 
22:47:21.198 DEBUG 判断是否可以输出Html! 
22:47:21.198 DEBUG 还有没有经过处理的资源! 
22:47:21.425 INFO  使用postcss处理完毕! 用时: 368 毫秒 
22:47:21.425 DEBUG 需要经过特殊处理的css: [[".o-editorNote .editor-note ",".o-editorNote "],[".o-newsList .mainwrap ",".o-newsList "],[".o-newsList .ww ",".o-newsList "],[".o-newsList .nsl ",".o-newsList "],[".o-t7tueUOSnJGcyGcc .p1_con_a ",".o-t7tueUOSnJGcyGcc "],[".o-t7tueUOSnJGcyGcc .clearfix ",".o-t7tueUOSnJGcyGcc "],[".o-t7tueUOSnJGcyGcc .w1000 ",".o-t7tueUOSnJGcyGcc "],[".o-SVZSnmecHrAhzur1 .banner-box ",".o-SVZSnmecHrAhzur1 "],[".o-newsList .news-list ",".o-newsList "],[".o-imageBar .image-bar ",".o-imageBar "],[".o-swiper .swiper-zBLJxURsOhhagFAH ",".o-swiper "],[".o-infoCopyright .copyright-info-box ",".o-infoCopyright "],[".o-ranking .ranking-list ",".o-ranking "],[".o-home .home ",".o-home "]] 
22:47:21.426 DEBUG 判断是否可以输出Html! 
22:47:21.426 DEBUG 准备输出html! 
22:47:21.426 DEBUG 开始美化html 
22:47:21.488 INFO  发送重新页面需要刷新命令! 
